<?xml version="1.0" encoding="UTF-8"?>
<!-- Generated by org.testng.reporters.JUnitXMLReporter -->
<testsuite ignored="0" hostname="STIPL-SMBL0268" failures="0" tests="2" name="Default test" time="35.957" errors="0" timestamp="2024-12-14T00:49:53 IST">
  <testcase classname="SeleniumFrameWorkDesgin.Testrun.submitOrderTest" name="sumbitOrder" time="4.508"/>
  <testcase classname="SeleniumFrameWorkDesgin.Testrun.submitOrderTest" name="orderHistory" time="0.858"/>
</testsuite> <!-- Default test -->
