<?xml version="1.0" encoding="UTF-8"?>
<!-- Generated by org.testng.reporters.JUnitXMLReporter -->
<testsuite ignored="1" hostname="STIPL-SMBL0268" failures="2" tests="2" name="submit order test" time="0.053" errors="0" timestamp="2024-12-03T17:10:02 IST">
  <testcase classname="SeleniumFrameWorkDesgin.Testrun.submitOrderTest" name="sumbitOrder" time="0.01">
    <failure type="java.lang.NullPointerException" message="Cannot invoke &amp;quot;DesignFrameWork.SeleniumFrameWorkDesgin.landingPage.loginApplication(String, String)&amp;quot; because &amp;quot;this.Landpage&amp;quot; is null">
      <![CDATA[java.lang.NullPointerException: Cannot invoke "DesignFrameWork.SeleniumFrameWorkDesgin.landingPage.loginApplication(String, String)" because "this.Landpage" is null
at SeleniumFrameWorkDesgin.Testrun.submitOrderTest.sumbitOrder(submitOrderTest.java:33)
at java.base/java.util.ArrayList.forEach(ArrayList.java:1597)
... Removed 25 stack frames]]>
    </failure>
  </testcase> <!-- sumbitOrder -->
  <testcase classname="SeleniumFrameWorkDesgin.Testrun.submitOrderTest" name="sumbitOrder" time="0.001">
    <failure type="java.lang.NullPointerException" message="Cannot invoke &amp;quot;DesignFrameWork.SeleniumFrameWorkDesgin.landingPage.loginApplication(String, String)&amp;quot; because &amp;quot;this.Landpage&amp;quot; is null">
      <![CDATA[java.lang.NullPointerException: Cannot invoke "DesignFrameWork.SeleniumFrameWorkDesgin.landingPage.loginApplication(String, String)" because "this.Landpage" is null
at SeleniumFrameWorkDesgin.Testrun.submitOrderTest.sumbitOrder(submitOrderTest.java:33)
at java.base/java.util.ArrayList.forEach(ArrayList.java:1597)
... Removed 25 stack frames]]>
    </failure>
  </testcase> <!-- sumbitOrder -->
  <testcase classname="SeleniumFrameWorkDesgin.Testrun.submitOrderTest" name="orderHistory" time="0.0">
    <ignored/>
  </testcase> <!-- orderHistory -->
</testsuite> <!-- submit order test -->
