<?xml version="1.0" encoding="UTF-8"?>
<testng-results ignored="0" total="2" passed="2" failed="0" skipped="0">
  <reporter-output>
  </reporter-output>
  <suite started-at="2024-12-14T00:49:17 IST" name="Default suite" finished-at="2024-12-14T00:49:53 IST" duration-ms="35957">
    <groups>
      <group name="Purchase">
        <method signature="submitOrderTest.sumbitOrder(java.util.HashMap)[pri:0, instance:SeleniumFrameWorkDesgin.Testrun.submitOrderTest@d86a6f]" name="sumbitOrder" class="SeleniumFrameWorkDesgin.Testrun.submitOrderTest"/>
      </group> <!-- Purchase -->
    </groups>
    <test started-at="2024-12-14T00:49:17 IST" name="Default test" finished-at="2024-12-14T00:49:53 IST" duration-ms="35957">
      <class name="SeleniumFrameWorkDesgin.Testrun.submitOrderTest">
        <test-method is-config="true" signature="launchApplication()[pri:0, instance:SeleniumFrameWorkDesgin.Testrun.submitOrderTest@d86a6f]" started-at="2024-12-14T00:49:17 IST" name="launchApplication" finished-at="2024-12-14T00:49:32 IST" duration-ms="14944" status="PASS">
          <reporter-output>
          </reporter-output>
        </test-method> <!-- launchApplication -->
        <test-method signature="sumbitOrder(java.util.HashMap)[pri:0, instance:SeleniumFrameWorkDesgin.Testrun.submitOrderTest@d86a6f]" started-at="2024-12-14T00:49:32 IST" name="sumbitOrder" data-provider="getData" finished-at="2024-12-14T00:49:37 IST" duration-ms="4508" status="PASS">
          <params>
            <param index="0">
              <value>
                <![CDATA[{password=Takshvi@2024, prodname=ZARA COAT 3, email=Vaiadhyapak@gmail.com}]]>
              </value>
            </param>
          </params>
          <reporter-output>
          </reporter-output>
        </test-method> <!-- sumbitOrder -->
        <test-method is-config="true" signature="launchApplication()[pri:0, instance:SeleniumFrameWorkDesgin.Testrun.submitOrderTest@d86a6f]" started-at="2024-12-14T00:49:37 IST" name="launchApplication" finished-at="2024-12-14T00:49:52 IST" duration-ms="15550" status="PASS">
          <reporter-output>
          </reporter-output>
        </test-method> <!-- launchApplication -->
        <test-method signature="orderHistory()[pri:0, instance:SeleniumFrameWorkDesgin.Testrun.submitOrderTest@d86a6f]" started-at="2024-12-14T00:49:52 IST" name="orderHistory" finished-at="2024-12-14T00:49:53 IST" depends-on-methods="SeleniumFrameWorkDesgin.Testrun.submitOrderTest.sumbitOrder" duration-ms="858" status="PASS">
          <reporter-output>
          </reporter-output>
        </test-method> <!-- orderHistory -->
      </class> <!-- SeleniumFrameWorkDesgin.Testrun.submitOrderTest -->
    </test> <!-- Default test -->
  </suite> <!-- Default suite -->
</testng-results>
